#
# There is insufficient memory for the Java Runtime Environment to continue.
# Native memory allocation (mmap) failed to map 130023424 bytes for G1 virtual space
# Possible reasons:
#   The system is out of physical RAM or swap space
#   The process is running with CompressedOops enabled, and the Java Heap may be blocking the growth of the native heap
# Possible solutions:
#   Reduce memory load on the system
#   Increase physical memory or swap space
#   Check if swap backing store is full
#   Decrease Java heap size (-Xmx/-Xms)
#   Decrease number of Java threads
#   Decrease Java thread stack sizes (-Xss)
#   Set larger code cache with -XX:ReservedCodeCacheSize=
#   JVM is running with Unscaled Compressed Oops mode in which the Java heap is
#     placed in the first 4GB address space. The Java Heap base address is the
#     maximum limit for the native heap growth. Please use -XX:HeapBaseMinAddress
#     to set the Java Heap base and to place the Java Heap above 4GB virtual address.
# This output file may be truncated or incomplete.
#
#  Out of Memory Error (os_windows.cpp:3530), pid=23452, tid=27168
#
# JRE version:  (18.0.1.1+2) (build )
# Java VM: Java HotSpot(TM) 64-Bit Server VM (18.0.1.1+2-6, mixed mode, sharing, tiered, compressed oops, compressed class ptrs, g1 gc, windows-amd64)
# No core dump will be written. Minidumps are not enabled by default on client versions of Windows
#

---------------  S U M M A R Y ------------

Command Line: -Dfile.encoding=UTF-8 --module-path=E:\proj\University Management System\build\classes university.management.system.About

Host: 11th Gen Intel(R) Core(TM) i5-1135G7 @ 2.40GHz, 8 cores, 7G,  Windows 11 , 64 bit Build 22621 (10.0.22621.1778)
Time: Tue Jun 13 19:54:00 2023 India Standard Time elapsed time: 0.010552 seconds (0d 0h 0m 0s)

---------------  T H R E A D  ---------------

Current thread (0x0000020ed2d7d8f0):  JavaThread "Unknown thread" [_thread_in_vm, id=27168, stack(0x000000cc02c00000,0x000000cc02d00000)]

Stack: [0x000000cc02c00000,0x000000cc02d00000]
Native frames: (J=compiled Java code, j=interpreted, Vv=VM code, C=native code)
V  [jvm.dll+0x69887a]
V  [jvm.dll+0x7f38bd]
V  [jvm.dll+0x7f51ce]
V  [jvm.dll+0x7f5883]
V  [jvm.dll+0x25ca3f]
V  [jvm.dll+0x6957c9]
V  [jvm.dll+0x68a2fa]
V  [jvm.dll+0x321efb]
V  [jvm.dll+0x3298d6]
V  [jvm.dll+0x37e47e]
V  [jvm.dll+0x37e6af]
V  [jvm.dll+0x2f9c7a]
V  [jvm.dll+0x2facdd]
V  [jvm.dll+0x7c24f0]
V  [jvm.dll+0x38b801]
V  [jvm.dll+0x7a1203]
V  [jvm.dll+0x40d6bf]
V  [jvm.dll+0x40f091]
C  [jli.dll+0x526b]
C  [ucrtbase.dll+0x29363]
C  [KERNEL32.DLL+0x126ad]
C  [ntdll.dll+0x5a9f8]


---------------  P R O C E S S  ---------------

Threads class SMR info:
_java_thread_list=0x00007ffaa0d4d550, length=0, elements={
}

Java Threads: ( => current thread )

Other Threads:
  0x0000020ed2ddc0f0 WorkerThread "GC Thread#0" [stack: 0x000000cc02d00000,0x000000cc02e00000] [id=4640]
  0x0000020ed2dec710 ConcurrentGCThread "G1 Main Marker" [stack: 0x000000cc02e00000,0x000000cc02f00000] [id=27476]
  0x0000020ed2ded7b0 WorkerThread "G1 Conc#0" [stack: 0x000000cc02f00000,0x000000cc03000000] [id=26976]

[error occurred during error reporting (printing all threads), id 0xc0000005, EXCEPTION_ACCESS_VIOLATION (0xc0000005) at pc=0x00007ffaa057a217]

VM state: not at safepoint (not fully initialized)

VM Mutex/Monitor currently owned by a thread:  ([mutex/lock_event])
[0x0000020ed2d77f00] Heap_lock - owner thread: 0x0000020ed2d7d8f0

Heap address: 0x0000000084c00000, size: 1972 MB, Compressed Oops mode: 32-bit

CDS archive(s) mapped at: [0x0000000000000000-0x0000000000000000-0x0000000000000000), size 0, SharedBaseAddress: 0x0000000800000000, ArchiveRelocationMode: 0.
Narrow klass base: 0x0000000000000000, Narrow klass shift: 0, Narrow klass range: 0x0

GC Precious Log:
 CardTable entry size: 512
 Card Set container configuration: InlinePtr #cards 5 size 8 Array Of Cards #cards 12 size 40 Howl #buckets 4 coarsen threshold 1843 Howl Bitmap #cards 512 size 80 coarsen threshold 460 Card regions per heap region 1 cards per card region 2048

Heap:
 garbage-first heap   total 0K, used 0K [0x0000000084c00000, 0x0000000100000000)
  region size 1024K, 0 young (0K), 0 survivors (0K)

[error occurred during error reporting (printing heap information), id 0xc0000005, EXCEPTION_ACCESS_VIOLATION (0xc0000005) at pc=0x00007ffaa0960cb9]

GC Heap History (0 events):
No events

Deoptimization events (0 events):
No events

Classes loaded (0 events):
No events

Classes unloaded (0 events):
No events

Classes redefined (0 events):
No events

Internal exceptions (0 events):
No events

VM Operations (0 events):
No events

Events (1 events):
Event: 0.007 Loaded shared library C:\Program Files\Java\jdk-18.0.1.1\bin\java.dll


Dynamic libraries:
0x00007ff6a4b20000 - 0x00007ff6a4b30000 	C:\Program Files\Java\jdk-18.0.1.1\bin\java.exe
0x00007ffb15c10000 - 0x00007ffb15e24000 	C:\WINDOWS\SYSTEM32\ntdll.dll
0x00007ffb149a0000 - 0x00007ffb14a62000 	C:\WINDOWS\System32\KERNEL32.DLL
0x00007ffb13290000 - 0x00007ffb13633000 	C:\WINDOWS\System32\KERNELBASE.dll
0x00007ffb138a0000 - 0x00007ffb139b1000 	C:\WINDOWS\System32\ucrtbase.dll
0x00007ffb076b0000 - 0x00007ffb076c8000 	C:\Program Files\Java\jdk-18.0.1.1\bin\jli.dll
0x00007ffb0f970000 - 0x00007ffb0f98a000 	C:\Program Files\Java\jdk-18.0.1.1\bin\VCRUNTIME140.dll
0x00007ffb14040000 - 0x00007ffb140ee000 	C:\WINDOWS\System32\ADVAPI32.dll
0x00007ffb148f0000 - 0x00007ffb14997000 	C:\WINDOWS\System32\msvcrt.dll
0x00007ffb13a10000 - 0x00007ffb13ab4000 	C:\WINDOWS\System32\sechost.dll
0x00007ffb152b0000 - 0x00007ffb153c7000 	C:\WINDOWS\System32\RPCRT4.dll
0x00007ffb15480000 - 0x00007ffb1562b000 	C:\WINDOWS\System32\USER32.dll
0x00007ffb139c0000 - 0x00007ffb139e6000 	C:\WINDOWS\System32\win32u.dll
0x00007ffb156d0000 - 0x00007ffb156f9000 	C:\WINDOWS\System32\GDI32.dll
0x00007ffb13010000 - 0x00007ffb13129000 	C:\WINDOWS\System32\gdi32full.dll
0x00007ffb04690000 - 0x00007ffb0491e000 	C:\WINDOWS\WinSxS\amd64_microsoft.windows.common-controls_6595b64144ccf1df_6.0.22621.1635_none_270f70857386168e\COMCTL32.dll
0x00007ffb13130000 - 0x00007ffb131ca000 	C:\WINDOWS\System32\msvcp_win.dll
0x00007ffb05490000 - 0x00007ffb0549a000 	C:\WINDOWS\SYSTEM32\VERSION.dll
0x00007ffb15270000 - 0x00007ffb152a1000 	C:\WINDOWS\System32\IMM32.DLL
0x00007ffb0b3c0000 - 0x00007ffb0b3cc000 	C:\Program Files\Java\jdk-18.0.1.1\bin\vcruntime140_1.dll
0x00007ffaa47e0000 - 0x00007ffaa486d000 	C:\Program Files\Java\jdk-18.0.1.1\bin\msvcp140.dll
0x00007ffaa0270000 - 0x00007ffaa0e80000 	C:\Program Files\Java\jdk-18.0.1.1\bin\server\jvm.dll
0x00007ffb15170000 - 0x00007ffb15178000 	C:\WINDOWS\System32\PSAPI.DLL
0x00007ffb0b270000 - 0x00007ffb0b2a4000 	C:\WINDOWS\SYSTEM32\WINMM.dll
0x00007ffb0fb30000 - 0x00007ffb0fb39000 	C:\WINDOWS\SYSTEM32\WSOCK32.dll
0x00007ffb14a70000 - 0x00007ffb14ae1000 	C:\WINDOWS\System32\WS2_32.dll
0x00007ffb12130000 - 0x00007ffb12148000 	C:\WINDOWS\SYSTEM32\kernel.appcore.dll
0x00007ffb0b3b0000 - 0x00007ffb0b3ba000 	C:\Program Files\Java\jdk-18.0.1.1\bin\jimage.dll
0x00007ffb108d0000 - 0x00007ffb10afe000 	C:\WINDOWS\SYSTEM32\DBGHELP.DLL
0x00007ffb15700000 - 0x00007ffb15a89000 	C:\WINDOWS\System32\combase.dll
0x00007ffb15190000 - 0x00007ffb15267000 	C:\WINDOWS\System32\OLEAUT32.dll
0x00007ffafe260000 - 0x00007ffafe292000 	C:\WINDOWS\SYSTEM32\dbgcore.DLL
0x00007ffb137b0000 - 0x00007ffb1382b000 	C:\WINDOWS\System32\bcryptPrimitives.dll
0x00007ffb077f0000 - 0x00007ffb07815000 	C:\Program Files\Java\jdk-18.0.1.1\bin\java.dll

dbghelp: loaded successfully - version: 4.0.5 - missing functions: none
symbol engine: initialized successfully - sym options: 0x614 - pdb path: .;C:\Program Files\Java\jdk-18.0.1.1\bin;C:\WINDOWS\SYSTEM32;C:\WINDOWS\WinSxS\amd64_microsoft.windows.common-controls_6595b64144ccf1df_6.0.22621.1635_none_270f70857386168e;C:\Program Files\Java\jdk-18.0.1.1\bin\server

VM Arguments:
jvm_args: -Dfile.encoding=UTF-8 --module-path=E:\proj\University Management System\build\classes 
java_command: university.management.system.About
java_class_path (initial): C:\Users\SONU KUMAR\Downloads\drive-download-20230608T080431Z-001.zip;C:\Users\SONU KUMAR\Downloads\mysql-connector-java-8.0.28.jar;C:\Users\SONU KUMAR\Downloads\jcalendar-tz-1.3.3-4.jar;C:\Users\SONU KUMAR\Downloads\rs2xml.jar;E:\proj\University Management System\build\classes
Launcher Type: SUN_STANDARD

[Global flags]
     intx CICompilerCount                          = 4                                         {product} {ergonomic}
     uint ConcGCThreads                            = 2                                         {product} {ergonomic}
     uint G1ConcRefinementThreads                  = 8                                         {product} {ergonomic}
   size_t G1HeapRegionSize                         = 1048576                                   {product} {ergonomic}
    uintx GCDrainStackTargetSize                   = 64                                        {product} {ergonomic}
   size_t InitialHeapSize                          = 130023424                                 {product} {ergonomic}
   size_t MarkStackSize                            = 4194304                                   {product} {ergonomic}
   size_t MaxHeapSize                              = 2067791872                                {product} {ergonomic}
   size_t MinHeapDeltaBytes                        = 1048576                                   {product} {ergonomic}
   size_t MinHeapSize                              = 8388608                                   {product} {ergonomic}
    uintx NonNMethodCodeHeapSize                   = 5839372                                {pd product} {ergonomic}
    uintx NonProfiledCodeHeapSize                  = 122909434                              {pd product} {ergonomic}
    uintx ProfiledCodeHeapSize                     = 122909434                              {pd product} {ergonomic}
    uintx ReservedCodeCacheSize                    = 251658240                              {pd product} {ergonomic}
     bool SegmentedCodeCache                       = true                                      {product} {ergonomic}
   size_t SoftMaxHeapSize                          = 2067791872                             {manageable} {ergonomic}
     bool UseCompressedClassPointers               = true                           {product lp64_product} {ergonomic}
     bool UseCompressedOops                        = true                           {product lp64_product} {ergonomic}
     bool UseG1GC                                  = true                                      {product} {ergonomic}
     bool UseLargePagesIndividualAllocation        = false                                  {pd product} {ergonomic}

Logging:
Log output configuration:
 #0: stdout all=warning uptime,level,tags foldmultilines=false
 #1: stderr all=off uptime,level,tags foldmultilines=false

Environment Variables:
JAVA_HOME=C:\Program Files\Java\jdk-18.0.1.1
PATH=C:\Python311\Scripts\;C:\Python311\;C:\Program Files\Common Files\Oracle\Java\javapath;C:\Windows\system32;C:\Windows;C:\Windows\System32\Wbem;C:\Windows\System32\WindowsPowerShell\v1.0\;C:\Windows\System32\OpenSSH\;C:\Program Files (x86)\NVIDIA Corporation\PhysX\Common;C:\Program Files\NVIDIA Corporation\NVIDIA NvDLISR;C:\Program Files\Java\jdk-18.0.1.1\bin;C:\WINDOWS\system32;C:\WINDOWS;C:\WINDOWS\System32\Wbem;C:\WINDOWS\System32\WindowsPowerShell\v1.0\;C:\WINDOWS\System32\OpenSSH\;C:\ProgramData\chocolatey\bin;C:\Program Files\nodejs\;C:\Program Files\Git\cmd;C:\Program Files\MySQL\MySQL Shell 8.0\bin\;C:\Users\SONU KUMAR\AppData\Local\Programs\Python\Python310\Scripts\;C:\Users\SONU KUMAR\AppData\Local\Programs\Python\Python310\;C:\Users\SONU KUMAR\AppData\Local\Microsoft\WindowsApps;;C:\Users\SONU KUMAR\AppData\Local\Programs\Microsoft VS Code\bin;C:\Program Files\JetBrains\PyCharm Community Edition 2021.2.2\bin;;C:\Users\SONU KUMAR\AppData\Roaming\npm
USERNAME=SONU KUMAR
OS=Windows_NT
PROCESSOR_IDENTIFIER=Intel64 Family 6 Model 140 Stepping 1, GenuineIntel



---------------  S Y S T E M  ---------------

OS:
 Windows 11 , 64 bit Build 22621 (10.0.22621.1778)
OS uptime: 2 days 10:11 hours
Hyper-V role detected

CPU: total 8 (initial active 8) (4 cores per cpu, 2 threads per core) family 6 model 140 stepping 1 microcode 0x9a, cx8, cmov, fxsr, ht, mmx, 3dnowpref, sse, sse2, sse3, ssse3, sse4.1, sse4.2, popcnt, lzcnt, tsc, tscinvbit, avx, avx2, aes, erms, clmul, bmi1, bmi2, adx, avx512f, avx512dq, avx512cd, avx512bw, avx512vl, sha, fma, vzeroupper, avx512_vpopcntdq, avx512_vpclmulqdq, avx512_vaes, avx512_vnni, clflush, clflushopt, clwb, avx512_vbmi2, avx512_vbmi, hv

Memory: 4k page, system-wide physical 7883M (249M free)
TotalPageFile size 29612M (AvailPageFile size 79M)
current process WorkingSet (physical memory assigned to process): 11M, peak: 11M
current process commit charge ("private bytes"): 60M, peak: 184M

vm_info: Java HotSpot(TM) 64-Bit Server VM (18.0.1.1+2-6) for windows-amd64 JRE (18.0.1.1+2-6), built on Apr 25 2022 21:53:15 by "mach5one" with MS VC++ 16.8 / 16.9 (VS2019)

END.
